1643147461748:help
1643147494837:gab
1643147499210:ab
1643147508799:ab KNIGA
1643147511113:gab
1643147519836:ab KNIGA
1643147523811:gab
1643147536587:aab
1643147542290:aab KNIGA AVTOR
1643147555307:ab BOOK
1643147556955:gab
1643147568029:aab BOOK AUTHOR
1643147717353:gab
1643147741164:dab KNIGA AVTOR
1643147763033:dab BOOK AUTHOR
1643147766219:gab
1643147773347:clear
1643147775623:cls
1643147785058:help
1643147798884:ubt BOOK BUCH
1643147855284:gab
1643147861742:db BOOK
1643147883057:db BUCH
1643147884929:gab
1643147889692:db KNIGA
1643147893638:gab
1643147899023:ab BUCH
1643147913249:sb BUCH
1643147932223:aab BUCH AUTOR
1643147940339:aab BUCH AUTOR_2
1643147945724:aab BUCH AUTOR_3
1643147951922:sb BUCH
1643147981876:acb BUCH COMMENT_1
1643147988476:acb BUCH COMMENT_2
1643147995679:acb BUCH COMMENT_3
1643147997194:gab
1643148002322:sb BUCH
1643148007794:exit
1643148162232:ab BUCH
1643148165203:db BUCH
1643148186129:stacktrace
1643148349072:ab BUCH
1643148352017:db BUCH
1643149005789:help
1643149009440:ab BUCH
1643149047530:ubt BUCH BOOK
1643149064082:ubt BOOK BUCH
1643149071175:aab BUCH AUTOR
1643149080832:dab BUCH AUTOR
